2025-04-09 14:49:55,101 - INFO - Starting the BEunixCsuite workflow...
2025-04-09 14:49:55,101 - INFO - Starting task: InstallationAndSetup
2025-04-09 14:49:55,119 - INFO - Task InstallationAndSetup completed successfully.
2025-04-09 14:49:55,119 - INFO - Starting task: EnvironmentSetup
2025-04-09 14:49:55,137 - INFO - Task EnvironmentSetup completed successfully.
2025-04-09 14:49:55,137 - INFO - Starting task: DataProcessing
2025-04-09 14:49:55,155 - INFO - Task DataProcessing completed successfully.
2025-04-09 14:49:55,155 - INFO - Starting task: AutomationAndWorkflows
2025-04-09 14:49:55,174 - INFO - Task AutomationAndWorkflows completed successfully.
2025-04-09 14:49:55,174 - INFO - Starting task: Documentation
2025-04-09 14:49:55,192 - INFO - Task Documentation completed successfully.
2025-04-09 14:49:55,193 - INFO - Starting task: VersioningAndUpgrades
2025-04-09 14:49:55,211 - INFO - Task VersioningAndUpgrades completed successfully.
2025-04-09 14:49:55,212 - INFO - Starting task: MLAndAI
2025-04-09 14:49:55,230 - INFO - Task MLAndAI completed successfully.
2025-04-09 14:49:55,230 - INFO - Starting task: DatabaseAndBackend
2025-04-09 14:49:55,249 - INFO - Task DatabaseAndBackend completed successfully.
2025-04-09 14:49:55,249 - INFO - Starting task: StatisticsAndAnalysis
2025-04-09 14:49:55,267 - INFO - Task StatisticsAndAnalysis completed successfully.
2025-04-09 14:50:00,272 - INFO - Workflow completed!
